0 info it worked if it ends with ok
1 verbose cli [ 'C:\\Program Files\\nodejs\\node.exe',
1 verbose cli   'C:\\Program Files\\nodejs\\node_modules\\npm\\bin\\npm-cli.js',
1 verbose cli   'install',
1 verbose cli   'express',
1 verbose cli   '--save' ]
2 info using npm@2.15.8
3 info using node@v4.4.7
4 verbose install initial load of D:\nodejs\basichttpserver\package.json
5 verbose readDependencies loading dependencies from D:\nodejs\basichttpserver\package.json
6 silly cache add args [ 'express@^5.0.0', null ]
7 verbose cache add spec express@^5.0.0
8 silly cache add parsed spec Result {
8 silly cache add   raw: 'express@^5.0.0',
8 silly cache add   scope: null,
8 silly cache add   name: 'express',
8 silly cache add   rawSpec: '^5.0.0',
8 silly cache add   spec: '>=5.0.0 <6.0.0',
8 silly cache add   type: 'range' }
9 silly addNamed express@>=5.0.0 <6.0.0
10 verbose addNamed ">=5.0.0 <6.0.0" is a valid semver range for express
11 silly addNameRange { name: 'express', range: '>=5.0.0 <6.0.0', hasData: false }
12 silly mapToRegistry name express
13 silly mapToRegistry using default registry
14 silly mapToRegistry registry https://registry.npmjs.org/
15 silly mapToRegistry data Result {
15 silly mapToRegistry   raw: 'express',
15 silly mapToRegistry   scope: null,
15 silly mapToRegistry   name: 'express',
15 silly mapToRegistry   rawSpec: '',
15 silly mapToRegistry   spec: 'latest',
15 silly mapToRegistry   type: 'tag' }
16 silly mapToRegistry uri https://registry.npmjs.org/express
17 verbose addNameRange registry:https://registry.npmjs.org/express not in flight; fetching
18 verbose request uri https://registry.npmjs.org/express
19 verbose request no auth needed
20 info attempt registry request try #1 at 12:40:18 AM
21 verbose request id 98915b46b3de77d6
22 verbose etag W/"595c7116-8d0c9"
23 verbose lastModified Wed, 05 Jul 2017 04:54:46 GMT
24 http request GET https://registry.npmjs.org/express
25 http 200 https://registry.npmjs.org/express
26 verbose headers { server: 'nginx/1.10.3',
26 verbose headers   'content-type': 'application/json',
26 verbose headers   'last-modified': 'Wed, 19 Jul 2017 10:42:51 GMT',
26 verbose headers   etag: 'W/"596f37ab-8d27b"',
26 verbose headers   'content-encoding': 'gzip',
26 verbose headers   'cache-control': 'max-age=300',
26 verbose headers   'content-length': '44421',
26 verbose headers   'accept-ranges': 'bytes',
26 verbose headers   date: 'Wed, 19 Jul 2017 19:10:20 GMT',
26 verbose headers   via: '1.1 varnish',
26 verbose headers   age: '75',
26 verbose headers   connection: 'keep-alive',
26 verbose headers   'x-served-by': 'cache-sin18020-SIN',
26 verbose headers   'x-cache': 'HIT',
26 verbose headers   'x-cache-hits': '5',
26 verbose headers   'x-timer': 'S1500491420.021726,VS0,VE0',
26 verbose headers   vary: 'Accept-Encoding, Accept' }
27 silly get cb [ 200,
27 silly get   { server: 'nginx/1.10.3',
27 silly get     'content-type': 'application/json',
27 silly get     'last-modified': 'Wed, 19 Jul 2017 10:42:51 GMT',
27 silly get     etag: 'W/"596f37ab-8d27b"',
27 silly get     'content-encoding': 'gzip',
27 silly get     'cache-control': 'max-age=300',
27 silly get     'content-length': '44421',
27 silly get     'accept-ranges': 'bytes',
27 silly get     date: 'Wed, 19 Jul 2017 19:10:20 GMT',
27 silly get     via: '1.1 varnish',
27 silly get     age: '75',
27 silly get     connection: 'keep-alive',
27 silly get     'x-served-by': 'cache-sin18020-SIN',
27 silly get     'x-cache': 'HIT',
27 silly get     'x-cache-hits': '5',
27 silly get     'x-timer': 'S1500491420.021726,VS0,VE0',
27 silly get     vary: 'Accept-Encoding, Accept' } ]
28 verbose get saving express to C:\Users\Vineet\AppData\Roaming\npm-cache\registry.npmjs.org\express\.cache.json
29 verbose correctMkdir C:\Users\Vineet\AppData\Roaming\npm-cache correctMkdir not in flight; initializing
30 silly addNameRange number 2 { name: 'express', range: '>=5.0.0 <6.0.0', hasData: true }
31 silly addNameRange versions [ 'express',
31 silly addNameRange   [ '0.14.0',
31 silly addNameRange     '0.14.1',
31 silly addNameRange     '1.0.0',
31 silly addNameRange     '1.0.1',
31 silly addNameRange     '1.0.2',
31 silly addNameRange     '1.0.3',
31 silly addNameRange     '1.0.4',
31 silly addNameRange     '1.0.5',
31 silly addNameRange     '1.0.6',
31 silly addNameRange     '1.0.7',
31 silly addNameRange     '1.0.8',
31 silly addNameRange     '2.0.0',
31 silly addNameRange     '2.1.0',
31 silly addNameRange     '2.1.1',
31 silly addNameRange     '2.2.0',
31 silly addNameRange     '2.2.1',
31 silly addNameRange     '2.2.2',
31 silly addNameRange     '2.3.0',
31 silly addNameRange     '2.3.1',
31 silly addNameRange     '2.3.2',
31 silly addNameRange     '2.3.3',
31 silly addNameRange     '2.3.4',
31 silly addNameRange     '2.3.5',
31 silly addNameRange     '2.3.6',
31 silly addNameRange     '2.3.7',
31 silly addNameRange     '2.3.8',
31 silly addNameRange     '2.3.9',
31 silly addNameRange     '2.3.10',
31 silly addNameRange     '2.3.11',
31 silly addNameRange     '2.3.12',
31 silly addNameRange     '2.4.0',
31 silly addNameRange     '2.4.1',
31 silly addNameRange     '2.4.2',
31 silly addNameRange     '2.4.3',
31 silly addNameRange     '2.4.4',
31 silly addNameRange     '2.4.5',
31 silly addNameRange     '2.4.6',
31 silly addNameRange     '2.4.7',
31 silly addNameRange     '2.5.0',
31 silly addNameRange     '2.5.1',
31 silly addNameRange     '2.5.2',
31 silly addNameRange     '2.5.3',
31 silly addNameRange     '2.5.4',
31 silly addNameRange     '2.5.5',
31 silly addNameRange     '2.5.6',
31 silly addNameRange     '2.5.7',
31 silly addNameRange     '2.5.8',
31 silly addNameRange     '2.5.9',
31 silly addNameRange     '2.5.10',
31 silly addNameRange     '2.5.11',
31 silly addNameRange     '3.0.0',
31 silly addNameRange     '3.0.1',
31 silly addNameRange     '3.0.2',
31 silly addNameRange     '3.0.3',
31 silly addNameRange     '3.0.4',
31 silly addNameRange     '3.0.5',
31 silly addNameRange     '3.0.6',
31 silly addNameRange     '3.1.0',
31 silly addNameRange     '3.1.1',
31 silly addNameRange     '3.1.2',
31 silly addNameRange     '3.2.0',
31 silly addNameRange     '3.2.1',
31 silly addNameRange     '3.2.2',
31 silly addNameRange     '3.2.3',
31 silly addNameRange     '3.2.4',
31 silly addNameRange     '3.2.5',
31 silly addNameRange     '3.2.6',
31 silly addNameRange     '3.3.0',
31 silly addNameRange     '3.3.1',
31 silly addNameRange     '3.3.2',
31 silly addNameRange     '3.3.3',
31 silly addNameRange     '3.3.4',
31 silly addNameRange     '3.3.5',
31 silly addNameRange     '3.3.6',
31 silly addNameRange     '1.0.0-beta',
31 silly addNameRange     '1.0.0-beta2',
31 silly addNameRange     '1.0.0-rc',
31 silly addNameRange     '1.0.0-rc2',
31 silly addNameRange     '1.0.0-rc3',
31 silly addNameRange     '1.0.0-rc4',
31 silly addNameRange     '2.0.0-beta',
31 silly addNameRange     '2.0.0-beta2',
31 silly addNameRange     '2.0.0-beta3',
31 silly addNameRange     '2.0.0-rc',
31 silly addNameRange     '2.0.0-rc2',
31 silly addNameRange     '2.0.0-rc3',
31 silly addNameRange     '3.0.0-alpha1',
31 silly addNameRange     '3.0.0-alpha2',
31 silly addNameRange     '3.0.0-alpha3',
31 silly addNameRange     '3.0.0-alpha4',
31 silly addNameRange     '3.0.0-alpha5',
31 silly addNameRange     '3.0.0-beta1',
31 silly addNameRange     '3.0.0-beta2',
31 silly addNameRange     '3.0.0-beta3',
31 silly addNameRange     '3.0.0-beta4',
31 silly addNameRange     '3.0.0-beta6',
31 silly addNameRange     '3.0.0-beta7',
31 silly addNameRange     '3.0.0-rc1',
31 silly addNameRange     '3.0.0-rc2',
31 silly addNameRange     '3.0.0-rc3',
31 silly addNameRange     '3.0.0-rc4',
31 silly addNameRange     '3.0.0-rc5',
31 silly addNameRange     '3.3.7',
31 silly addNameRange     '3.3.8',
31 silly addNameRange     '3.4.0',
31 silly addNameRange     '3.4.1',
31 silly addNameRange     '3.4.2',
31 silly addNameRange     '3.4.3',
31 silly addNameRange     '3.4.4',
31 silly addNameRange     '3.4.5',
31 silly addNameRange     '3.4.6',
31 silly addNameRange     '3.4.7',
31 silly addNameRange     '3.4.8',
31 silly addNameRange     '4.0.0-rc1',
31 silly addNameRange     '4.0.0-rc2',
31 silly addNameRange     '3.5.0',
31 silly addNameRange     '4.0.0-rc3',
31 silly addNameRange     '4.0.0-rc4',
31 silly addNameRange     '3.5.1',
31 silly addNameRange     '4.0.0',
31 silly addNameRange     '3.5.2',
31 silly addNameRange     '4.1.0',
31 silly addNameRange     '4.1.1',
31 silly addNameRange     '3.5.3',
31 silly addNameRange     '4.1.2',
31 silly addNameRange     '3.6.0',
31 silly addNameRange     '4.2.0',
31 silly addNameRange     '3.7.0',
31 silly addNameRange     '3.8.0',
31 silly addNameRange     '4.3.0',
31 silly addNameRange     '4.3.1',
31 silly addNameRange     '3.8.1',
31 silly addNameRange     '4.3.2',
31 silly addNameRange     '3.9.0',
31 silly addNameRange     '4.4.0',
31 silly addNameRange     '4.4.1',
31 silly addNameRange     '3.10.0',
31 silly addNameRange     '3.10.1',
31 silly addNameRange     '3.10.2',
31 silly addNameRange     '3.10.3',
31 silly addNameRange     '3.10.4',
31 silly addNameRange     '4.4.2',
31 silly addNameRange     '3.10.5',
31 silly addNameRange     '4.4.3',
31 silly addNameRange     '3.11.0',
31 silly addNameRange     '4.4.4',
31 silly addNameRange     '3.12.0',
31 silly addNameRange     '3.12.1',
31 silly addNameRange     '4.4.5',
31 silly addNameRange     '3.13.0',
31 silly addNameRange     '4.5.0',
31 silly addNameRange     '4.5.1',
31 silly addNameRange     '3.14.0',
31 silly addNameRange     '4.6.0',
31 silly addNameRange     '4.6.1',
31 silly addNameRange     '3.15.0',
31 silly addNameRange     '4.7.0',
31 silly addNameRange     '3.15.1',
31 silly addNameRange     '4.7.1',
31 silly addNameRange     '3.15.2',
31 silly addNameRange     '4.7.2',
31 silly addNameRange     '4.7.3',
31 silly addNameRange     '3.15.3',
31 silly addNameRange     '4.7.4',
31 silly addNameRange     '3.16.0',
31 silly addNameRange     '4.8.0',
31 silly addNameRange     '3.16.1',
31 silly addNameRange     '4.8.1',
31 silly addNameRange     '3.16.2',
31 silly addNameRange     '4.8.2',
31 silly addNameRange     '3.16.3',
31 silly addNameRange     '3.16.4',
31 silly addNameRange     '4.8.3',
31 silly addNameRange     '3.16.5',
31 silly addNameRange     '3.16.6',
31 silly addNameRange     '4.8.4',
31 silly addNameRange     '3.16.7',
31 silly addNameRange     '4.8.5',
31 silly addNameRange     '3.16.8',
31 silly addNameRange     '4.8.6',
31 silly addNameRange     '3.16.9',
31 silly addNameRange     '4.8.7',
31 silly addNameRange     '3.16.10',
31 silly addNameRange     '4.8.8',
31 silly addNameRange     '3.17.0',
31 silly addNameRange     '3.17.1',
31 silly addNameRange     '4.9.0',
31 silly addNameRange     '3.17.2',
31 silly addNameRange     '4.9.1',
31 silly addNameRange     '4.9.2',
31 silly addNameRange     '3.17.3',
31 silly addNameRange     '4.9.3',
31 silly addNameRange     '3.17.4',
31 silly addNameRange     '4.9.4',
31 silly addNameRange     '3.17.5',
31 silly addNameRange     '4.9.5',
31 silly addNameRange     '3.17.6',
31 silly addNameRange     '3.17.7',
31 silly addNameRange     '4.9.6',
31 silly addNameRange     '4.9.7',
31 silly addNameRange     '3.17.8',
31 silly addNameRange     '4.9.8',
31 silly addNameRange     '3.18.0',
31 silly addNameRange     '3.18.1',
31 silly addNameRange     '4.10.0',
31 silly addNameRange     '3.18.2',
31 silly addNameRange     '4.10.1',
31 silly addNameRange     '5.0.0-alpha.1',
31 silly addNameRange     '3.18.3',
31 silly addNameRange     '4.10.2',
31 silly addNameRange     '3.18.4',
31 silly addNameRange     '4.10.3',
31 silly addNameRange     '4.10.4',
31 silly addNameRange     '4.10.5',
31 silly addNameRange     '3.18.5',
31 silly addNameRange     '3.18.6',
31 silly addNameRange     '4.10.6',
31 silly addNameRange     '4.10.7',
31 silly addNameRange     '3.19.0',
31 silly addNameRange     '4.10.8',
31 silly addNameRange     '4.11.0',
31 silly addNameRange     '3.19.1',
31 silly addNameRange     '4.11.1',
31 silly addNameRange     '3.19.2',
31 silly addNameRange     '4.11.2',
31 silly addNameRange     '3.20.0',
31 silly addNameRange     '4.12.0',
31 silly addNameRange     '3.20.1',
31 silly addNameRange     '4.12.1',
31 silly addNameRange     '4.12.2',
31 silly addNameRange     '3.20.2',
31 silly addNameRange     '4.12.3',
31 silly addNameRange     '3.20.3',
31 silly addNameRange     '4.12.4',
31 silly addNameRange     '3.21.0',
31 silly addNameRange     '4.13.0',
31 silly addNameRange     '3.21.1',
31 silly addNameRange     '4.13.1',
31 silly addNameRange     '5.0.0-alpha.2',
31 silly addNameRange     '3.21.2',
31 silly addNameRange     '4.13.2',
31 silly addNameRange     '4.13.3',
31 silly addNameRange     '4.13.4',
31 silly addNameRange     '4.14.0',
31 silly addNameRange     '4.14.1',
31 silly addNameRange     '5.0.0-alpha.3',
31 silly addNameRange     '4.15.0',
31 silly addNameRange     '5.0.0-alpha.4',
31 silly addNameRange     '4.15.1',
31 silly addNameRange     '4.15.2',
31 silly addNameRange     '5.0.0-alpha.5',
31 silly addNameRange     '4.15.3' ] ]
32 verbose stack Error: No compatible version found: express@'>=5.0.0 <6.0.0'
32 verbose stack Valid install targets:
32 verbose stack ["0.14.0","0.14.1","1.0.0","1.0.1","1.0.2","1.0.3","1.0.4","1.0.5","1.0.6","1.0.7","1.0.8","2.0.0","2.1.0","2.1.1","2.2.0","2.2.1","2.2.2","2.3.0","2.3.1","2.3.2","2.3.3","2.3.4","2.3.5","2.3.6","2.3.7","2.3.8","2.3.9","2.3.10","2.3.11","2.3.12","2.4.0","2.4.1","2.4.2","2.4.3","2.4.4","2.4.5","2.4.6","2.4.7","2.5.0","2.5.1","2.5.2","2.5.3","2.5.4","2.5.5","2.5.6","2.5.7","2.5.8","2.5.9","2.5.10","2.5.11","3.0.0","3.0.1","3.0.2","3.0.3","3.0.4","3.0.5","3.0.6","3.1.0","3.1.1","3.1.2","3.2.0","3.2.1","3.2.2","3.2.3","3.2.4","3.2.5","3.2.6","3.3.0","3.3.1","3.3.2","3.3.3","3.3.4","3.3.5","3.3.6","1.0.0-beta","1.0.0-beta2","1.0.0-rc","1.0.0-rc2","1.0.0-rc3","1.0.0-rc4","2.0.0-beta","2.0.0-beta2","2.0.0-beta3","2.0.0-rc","2.0.0-rc2","2.0.0-rc3","3.0.0-alpha1","3.0.0-alpha2","3.0.0-alpha3","3.0.0-alpha4","3.0.0-alpha5","3.0.0-beta1","3.0.0-beta2","3.0.0-beta3","3.0.0-beta4","3.0.0-beta6","3.0.0-beta7","3.0.0-rc1","3.0.0-rc2","3.0.0-rc3","3.0.0-rc4","3.0.0-rc5","3.3.7","3.3.8","3.4.0","3.4.1","3.4.2","3.4.3","3.4.4","3.4.5","3.4.6","3.4.7","3.4.8","4.0.0-rc1","4.0.0-rc2","3.5.0","4.0.0-rc3","4.0.0-rc4","3.5.1","4.0.0","3.5.2","4.1.0","4.1.1","3.5.3","4.1.2","3.6.0","4.2.0","3.7.0","3.8.0","4.3.0","4.3.1","3.8.1","4.3.2","3.9.0","4.4.0","4.4.1","3.10.0","3.10.1","3.10.2","3.10.3","3.10.4","4.4.2","3.10.5","4.4.3","3.11.0","4.4.4","3.12.0","3.12.1","4.4.5","3.13.0","4.5.0","4.5.1","3.14.0","4.6.0","4.6.1","3.15.0","4.7.0","3.15.1","4.7.1","3.15.2","4.7.2","4.7.3","3.15.3","4.7.4","3.16.0","4.8.0","3.16.1","4.8.1","3.16.2","4.8.2","3.16.3","3.16.4","4.8.3","3.16.5","3.16.6","4.8.4","3.16.7","4.8.5","3.16.8","4.8.6","3.16.9","4.8.7","3.16.10","4.8.8","3.17.0","3.17.1","4.9.0","3.17.2","4.9.1","4.9.2","3.17.3","4.9.3","3.17.4","4.9.4","3.17.5","4.9.5","3.17.6","3.17.7","4.9.6","4.9.7","3.17.8","4.9.8","3.18.0","3.18.1","4.10.0","3.18.2","4.10.1","5.0.0-alpha.1","3.18.3","4.10.2","3.18.4","4.10.3","4.10.4","4.10.5","3.18.5","3.18.6","4.10.6","4.10.7","3.19.0","4.10.8","4.11.0","3.19.1","4.11.1","3.19.2","4.11.2","3.20.0","4.12.0","3.20.1","4.12.1","4.12.2","3.20.2","4.12.3","3.20.3","4.12.4","3.21.0","4.13.0","3.21.1","4.13.1","5.0.0-alpha.2","3.21.2","4.13.2","4.13.3","4.13.4","4.14.0","4.14.1","5.0.0-alpha.3","4.15.0","5.0.0-alpha.4","4.15.1","4.15.2","5.0.0-alpha.5","4.15.3"]
32 verbose stack
32 verbose stack     at installTargetsError (C:\Program Files\nodejs\node_modules\npm\lib\cache\add-named.js:284:12)
32 verbose stack     at next (C:\Program Files\nodejs\node_modules\npm\lib\cache\add-named.js:262:19)
32 verbose stack     at setData (C:\Program Files\nodejs\node_modules\npm\lib\cache\add-named.js:236:5)
32 verbose stack     at RES (C:\Program Files\nodejs\node_modules\npm\node_modules\inflight\inflight.js:23:14)
32 verbose stack     at f (C:\Program Files\nodejs\node_modules\npm\node_modules\once\once.js:17:25)
32 verbose stack     at fixName (C:\Program Files\nodejs\node_modules\npm\lib\cache\add-named.js:29:5)
32 verbose stack     at saved (C:\Program Files\nodejs\node_modules\npm\lib\cache\caching-client.js:173:7)
32 verbose stack     at C:\Program Files\nodejs\node_modules\npm\node_modules\graceful-fs\polyfills.js:210:7
32 verbose stack     at FSReqWrap.oncomplete (fs.js:82:15)
33 verbose cwd D:\nodejs\basichttpserver
34 error Windows_NT 6.1.7601
35 error argv "C:\\Program Files\\nodejs\\node.exe" "C:\\Program Files\\nodejs\\node_modules\\npm\\bin\\npm-cli.js" "install" "express" "--save"
36 error node v4.4.7
37 error npm  v2.15.8
38 error code ETARGET
39 error notarget No compatible version found: express@'>=5.0.0 <6.0.0'
39 error notarget Valid install targets:
39 error notarget ["0.14.0","0.14.1","1.0.0","1.0.1","1.0.2","1.0.3","1.0.4","1.0.5","1.0.6","1.0.7","1.0.8","2.0.0","2.1.0","2.1.1","2.2.0","2.2.1","2.2.2","2.3.0","2.3.1","2.3.2","2.3.3","2.3.4","2.3.5","2.3.6","2.3.7","2.3.8","2.3.9","2.3.10","2.3.11","2.3.12","2.4.0","2.4.1","2.4.2","2.4.3","2.4.4","2.4.5","2.4.6","2.4.7","2.5.0","2.5.1","2.5.2","2.5.3","2.5.4","2.5.5","2.5.6","2.5.7","2.5.8","2.5.9","2.5.10","2.5.11","3.0.0","3.0.1","3.0.2","3.0.3","3.0.4","3.0.5","3.0.6","3.1.0","3.1.1","3.1.2","3.2.0","3.2.1","3.2.2","3.2.3","3.2.4","3.2.5","3.2.6","3.3.0","3.3.1","3.3.2","3.3.3","3.3.4","3.3.5","3.3.6","1.0.0-beta","1.0.0-beta2","1.0.0-rc","1.0.0-rc2","1.0.0-rc3","1.0.0-rc4","2.0.0-beta","2.0.0-beta2","2.0.0-beta3","2.0.0-rc","2.0.0-rc2","2.0.0-rc3","3.0.0-alpha1","3.0.0-alpha2","3.0.0-alpha3","3.0.0-alpha4","3.0.0-alpha5","3.0.0-beta1","3.0.0-beta2","3.0.0-beta3","3.0.0-beta4","3.0.0-beta6","3.0.0-beta7","3.0.0-rc1","3.0.0-rc2","3.0.0-rc3","3.0.0-rc4","3.0.0-rc5","3.3.7","3.3.8","3.4.0","3.4.1","3.4.2","3.4.3","3.4.4","3.4.5","3.4.6","3.4.7","3.4.8","4.0.0-rc1","4.0.0-rc2","3.5.0","4.0.0-rc3","4.0.0-rc4","3.5.1","4.0.0","3.5.2","4.1.0","4.1.1","3.5.3","4.1.2","3.6.0","4.2.0","3.7.0","3.8.0","4.3.0","4.3.1","3.8.1","4.3.2","3.9.0","4.4.0","4.4.1","3.10.0","3.10.1","3.10.2","3.10.3","3.10.4","4.4.2","3.10.5","4.4.3","3.11.0","4.4.4","3.12.0","3.12.1","4.4.5","3.13.0","4.5.0","4.5.1","3.14.0","4.6.0","4.6.1","3.15.0","4.7.0","3.15.1","4.7.1","3.15.2","4.7.2","4.7.3","3.15.3","4.7.4","3.16.0","4.8.0","3.16.1","4.8.1","3.16.2","4.8.2","3.16.3","3.16.4","4.8.3","3.16.5","3.16.6","4.8.4","3.16.7","4.8.5","3.16.8","4.8.6","3.16.9","4.8.7","3.16.10","4.8.8","3.17.0","3.17.1","4.9.0","3.17.2","4.9.1","4.9.2","3.17.3","4.9.3","3.17.4","4.9.4","3.17.5","4.9.5","3.17.6","3.17.7","4.9.6","4.9.7","3.17.8","4.9.8","3.18.0","3.18.1","4.10.0","3.18.2","4.10.1","5.0.0-alpha.1","3.18.3","4.10.2","3.18.4","4.10.3","4.10.4","4.10.5","3.18.5","3.18.6","4.10.6","4.10.7","3.19.0","4.10.8","4.11.0","3.19.1","4.11.1","3.19.2","4.11.2","3.20.0","4.12.0","3.20.1","4.12.1","4.12.2","3.20.2","4.12.3","3.20.3","4.12.4","3.21.0","4.13.0","3.21.1","4.13.1","5.0.0-alpha.2","3.21.2","4.13.2","4.13.3","4.13.4","4.14.0","4.14.1","5.0.0-alpha.3","4.15.0","5.0.0-alpha.4","4.15.1","4.15.2","5.0.0-alpha.5","4.15.3"]
39 error notarget
39 error notarget This is most likely not a problem with npm itself.
39 error notarget In most cases you or one of your dependencies are requesting
39 error notarget a package version that doesn't exist.
39 error notarget
39 error notarget It was specified as a dependency of 'hello-world'
40 verbose exit [ 1, true ]
